STATUS: Starting m_server 12/31/2009 03:46
NOTICE:  CREATE TABLE / UNIQUE will create implicit index "menus_value_key" for table "menus"
WARNING: The menu option 'Phytophtora => /home/cholt/usr/local/fgenesh/Phytophtora'
is not a valid file and will be ignored at bin/m_server line 744.
WARNING: The menu option 'Dicots => /home/cholt/usr/local/fgenesh/Dicots'
is not a valid file and will be ignored at bin/m_server line 744.
Starting job: 3 for user: 2	12/31/2009 03:47
Failed job: 3 for user: 2	12/31/2009 03:47
STATUS: Starting m_server 12/31/2009 04:02
NOTICE:  CREATE TABLE / UNIQUE will create implicit index "menus_value_key" for table "menus"
Starting job: 7 for user: 2	12/31/2009 04:03
Finished job: 7 for user: 2	12/31/2009 04:04
Starting job: 9 for user: 3	12/31/2009 05:46
Failed job: 9 for user: 3	12/31/2009 05:46
Starting job: 9 for user: 2	12/31/2009 06:03
Failed job: 9 for user: 2	12/31/2009 06:03
Starting job: 10 for user: 2	12/31/2009 06:07
Failed job: 10 for user: 2	12/31/2009 06:07
Starting job: 11 for user: 2	12/31/2009 06:12
Finished job: 11 for user: 2	12/31/2009 06:13
Starting job: 12 for user: 2	12/31/2009 06:35
Failed job: 12 for user: 2	12/31/2009 06:35
Starting job: 12 for user: 2	12/31/2009 07:37
Failed job: 12 for user: 2	12/31/2009 07:37
Starting job: 14 for user: 2	12/31/2009 07:45
Finished job: 14 for user: 2	12/31/2009 07:46
STATUS: Starting m_server 12/31/2009 07:52
NOTICE:  CREATE TABLE / UNIQUE will create implicit index "menus_value_key" for table "menus"
Starting job: 16 for user: 2	12/31/2009 07:53
Finished job: 16 for user: 2	12/31/2009 07:53
STATUS: Starting m_server 12/31/2009 08:00
NOTICE:  CREATE TABLE / UNIQUE will create implicit index "menus_value_key" for table "menus"
Starting job: 18 for user: 2	12/31/2009 08:00
Finished job: 18 for user: 2	12/31/2009 08:01
Starting job: 22 for user: 4	12/31/2009 08:13
Finished job: 22 for user: 4	12/31/2009 08:14
Starting job: 26 for user: 9	12/31/2009 16:43
Finished job: 26 for user: 9	12/31/2009 16:44
Starting job: 27 for user: 9	12/31/2009 16:53
Failed job: 27 for user: 9	12/31/2009 16:53
Starting job: 34 for user: 15	12/31/2009 17:42
Finished job: 34 for user: 15	12/31/2009 17:43
Starting job: 38 for user: 16	12/31/2009 19:59
Finished job: 38 for user: 16	12/31/2009 20:00
Starting job: 40 for user: 17	12/31/2009 20:05
Finished job: 40 for user: 17	12/31/2009 20:05
Starting job: 42 for user: 18	01/01/2010 11:29
Finished job: 42 for user: 18	01/01/2010 11:29
Starting job: 44 for user: 19	01/02/2010 20:50
Finished job: 44 for user: 19	01/02/2010 20:51
Starting job: 45 for user: 19	01/02/2010 21:07
Failed job: 45 for user: 19	01/02/2010 21:07
Starting job: 46 for user: 19	01/02/2010 21:08
Finished job: 46 for user: 19	01/02/2010 21:09
Starting job: 51 for user: 21	01/02/2010 21:22
Finished job: 51 for user: 21	01/02/2010 21:23
Starting job: 53 for user: 21	01/02/2010 21:29
Finished job: 53 for user: 21	01/02/2010 21:29
Starting job: 55 for user: 1	01/02/2010 21:45
Finished job: 55 for user: 1	01/02/2010 21:46
